Performing C SOURCE FILE Test CMAKE_HAVE_LIBC_PTHREAD failed with the following output:
Change Dir: /home/angel/Documentos/UCSP/Semestre7/ComputacionGrafica/LABORATORIOS/SpaceInvaders_Proyect/CMakeFiles/CMakeTmp

Run Build Command(s):/usr/bin/gmake cmTC_8c7db/fast && /usr/bin/gmake  -f CMakeFiles/cmTC_8c7db.dir/build.make CMakeFiles/cmTC_8c7db.dir/build
gmake[1]: se entra en el directorio '/home/angel/Documentos/UCSP/Semestre7/ComputacionGrafica/LABORATORIOS/SpaceInvaders_Proyect/CMakeFiles/CMakeTmp'
Building C object CMakeFiles/cmTC_8c7db.dir/src.c.o
/usr/bin/cc   -DCMAKE_HAVE_LIBC_PTHREAD -o CMakeFiles/cmTC_8c7db.dir/src.c.o -c /home/angel/Documentos/UCSP/Semestre7/ComputacionGrafica/LABORATORIOS/SpaceInvaders_Proyect/CMakeFiles/CMakeTmp/src.c
Linking C executable cmTC_8c7db
/usr/bin/cmake -E cmake_link_script CMakeFiles/cmTC_8c7db.dir/link.txt --verbose=1
/usr/bin/cc  -DCMAKE_HAVE_LIBC_PTHREAD CMakeFiles/cmTC_8c7db.dir/src.c.o -o cmTC_8c7db 
/usr/bin/ld: CMakeFiles/cmTC_8c7db.dir/src.c.o: en la función `main':
src.c:(.text+0x2d): referencia a `pthread_create' sin definir
/usr/bin/ld: src.c:(.text+0x39): referencia a `pthread_detach' sin definir
/usr/bin/ld: src.c:(.text+0x45): referencia a `pthread_cancel' sin definir
/usr/bin/ld: src.c:(.text+0x56): referencia a `pthread_join' sin definir
collect2: error: ld returned 1 exit status
gmake[1]: *** [CMakeFiles/cmTC_8c7db.dir/build.make:106: cmTC_8c7db] Error 1
gmake[1]: se sale del directorio '/home/angel/Documentos/UCSP/Semestre7/ComputacionGrafica/LABORATORIOS/SpaceInvaders_Proyect/CMakeFiles/CMakeTmp'
gmake: *** [Makefile:140: cmTC_8c7db/fast] Error 2


Source file was:
#include <pthread.h>

void* test_func(void* data)
{
  return data;
}

int main(void)
{
  pthread_t thread;
  pthread_create(&thread, NULL, test_func, NULL);
  pthread_detach(thread);
  pthread_cancel(thread);
  pthread_join(thread, NULL);
  pthread_atfork(NULL, NULL, NULL);
  pthread_exit(NULL);

  return 0;
}

Determining if the function pthread_create exists in the pthreads failed with the following output:
Change Dir: /home/angel/Documentos/UCSP/Semestre7/ComputacionGrafica/LABORATORIOS/SpaceInvaders_Proyect/CMakeFiles/CMakeTmp

Run Build Command(s):/usr/bin/gmake cmTC_65c14/fast && /usr/bin/gmake  -f CMakeFiles/cmTC_65c14.dir/build.make CMakeFiles/cmTC_65c14.dir/build
gmake[1]: se entra en el directorio '/home/angel/Documentos/UCSP/Semestre7/ComputacionGrafica/LABORATORIOS/SpaceInvaders_Proyect/CMakeFiles/CMakeTmp'
Building C object CMakeFiles/cmTC_65c14.dir/CheckFunctionExists.c.o
/usr/bin/cc   -DCHECK_FUNCTION_EXISTS=pthread_create -o CMakeFiles/cmTC_65c14.dir/CheckFunctionExists.c.o -c /usr/share/cmake-3.18/Modules/CheckFunctionExists.c
Linking C executable cmTC_65c14
/usr/bin/cmake -E cmake_link_script CMakeFiles/cmTC_65c14.dir/link.txt --verbose=1
/usr/bin/cc  -DCHECK_FUNCTION_EXISTS=pthread_create CMakeFiles/cmTC_65c14.dir/CheckFunctionExists.c.o -o cmTC_65c14  -lpthreads 
/usr/bin/ld: no se puede encontrar -lpthreads: No existe el fichero o el directorio
collect2: error: ld returned 1 exit status
gmake[1]: *** [CMakeFiles/cmTC_65c14.dir/build.make:106: cmTC_65c14] Error 1
gmake[1]: se sale del directorio '/home/angel/Documentos/UCSP/Semestre7/ComputacionGrafica/LABORATORIOS/SpaceInvaders_Proyect/CMakeFiles/CMakeTmp'
gmake: *** [Makefile:140: cmTC_65c14/fast] Error 2



